<?xml version="1.0" encoding="UTF-8"?>
<coverage generated="1747007602713" clover="3.2.0">
  <project timestamp="1747007602713" name="All files">
    <metrics statements="34" coveredstatements="34" conditionals="11" coveredconditionals="10" methods="4" coveredmethods="4" elements="49" coveredelements="48" complexity="0" loc="34" ncloc="34" packages="1" files="1" classes="1"/>
    <file name="server.ts" path="/home/nitr0gen/augment-code-mcp/plantuml-mcp/src/server.ts">
      <metrics statements="34" coveredstatements="34" conditionals="11" coveredconditionals="10" methods="4" coveredmethods="4"/>
      <line num="1" count="1" type="stmt"/>
      <line num="2" count="1" type="stmt"/>
      <line num="3" count="1" type="stmt"/>
      <line num="4" count="1" type="stmt"/>
      <line num="17" count="7" type="cond" truecount="1" falsecount="0"/>
      <line num="18" count="1" type="stmt"/>
      <line num="22" count="6" type="stmt"/>
      <line num="25" count="6" type="stmt"/>
      <line num="27" count="6" type="cond" truecount="1" falsecount="0"/>
      <line num="29" count="1" type="stmt"/>
      <line num="33" count="5" type="stmt"/>
      <line num="36" count="1" type="cond" truecount="1" falsecount="0"/>
      <line num="38" count="10" type="cond" truecount="1" falsecount="0"/>
      <line num="39" count="1" type="stmt"/>
      <line num="45" count="10" type="stmt"/>
      <line num="51" count="10" type="stmt"/>
      <line num="58" count="7" type="stmt"/>
      <line num="60" count="7" type="stmt"/>
      <line num="65" count="7" type="cond" truecount="4" falsecount="0"/>
      <line num="67" count="1" type="stmt"/>
      <line num="68" count="1" type="stmt"/>
      <line num="70" count="1" type="stmt"/>
      <line num="71" count="1" type="stmt"/>
      <line num="74" count="5" type="stmt"/>
      <line num="75" count="4" type="stmt"/>
      <line num="78" count="6" type="stmt"/>
      <line num="90" count="1" type="stmt"/>
      <line num="91" count="1" type="stmt"/>
      <line num="104" count="10" type="stmt"/>
      <line num="108" count="1" type="stmt"/>
      <line num="109" count="1" type="stmt"/>
      <line num="112" count="1" type="stmt"/>
      <line num="115" count="1" type="stmt"/>
      <line num="117" count="1" type="stmt"/>
    </file>
  </project>
</coverage>
