<?xml version="1.0" encoding="UTF-8"?>
<coverage generated="1747005436342" clover="3.2.0">
  <project timestamp="1747005436342" name="All files">
    <metrics statements="33" coveredstatements="33" conditionals="11" coveredconditionals="10" methods="4" coveredmethods="4" elements="48" coveredelements="47" complexity="0" loc="33" ncloc="33" packages="1" files="1" classes="1"/>
    <file name="server.ts" path="/home/nitr0gen/augment-code-mcp/plantuml-mcp/src/server.ts">
      <metrics statements="33" coveredstatements="33" conditionals="11" coveredconditionals="10" methods="4" coveredmethods="4"/>
      <line num="1" count="1" type="stmt"/>
      <line num="2" count="1" type="stmt"/>
      <line num="3" count="1" type="stmt"/>
      <line num="4" count="1" type="stmt"/>
      <line num="17" count="7" type="cond" truecount="1" falsecount="0"/>
      <line num="18" count="1" type="stmt"/>
      <line num="22" count="6" type="stmt"/>
      <line num="24" count="6" type="cond" truecount="1" falsecount="0"/>
      <line num="26" count="1" type="stmt"/>
      <line num="30" count="5" type="stmt"/>
      <line num="33" count="1" type="cond" truecount="1" falsecount="0"/>
      <line num="35" count="10" type="cond" truecount="1" falsecount="0"/>
      <line num="36" count="1" type="stmt"/>
      <line num="42" count="10" type="stmt"/>
      <line num="48" count="10" type="stmt"/>
      <line num="55" count="7" type="stmt"/>
      <line num="57" count="7" type="stmt"/>
      <line num="62" count="7" type="cond" truecount="4" falsecount="0"/>
      <line num="64" count="1" type="stmt"/>
      <line num="65" count="1" type="stmt"/>
      <line num="67" count="1" type="stmt"/>
      <line num="68" count="1" type="stmt"/>
      <line num="71" count="5" type="stmt"/>
      <line num="72" count="4" type="stmt"/>
      <line num="75" count="6" type="stmt"/>
      <line num="87" count="1" type="stmt"/>
      <line num="88" count="1" type="stmt"/>
      <line num="101" count="10" type="stmt"/>
      <line num="105" count="1" type="stmt"/>
      <line num="106" count="1" type="stmt"/>
      <line num="109" count="1" type="stmt"/>
      <line num="112" count="1" type="stmt"/>
      <line num="114" count="1" type="stmt"/>
    </file>
  </project>
</coverage>
