{"/home/nitr0gen/augment-code-mcp/plantuml-mcp/src/server.ts": {"path":"/home/nitr0gen/augment-code-mcp/plantuml-mcp/src/server.ts","statementMap":{"0":{"start":{"line":33,"column":0},"end":{"line":33,"column":16}},"1":{"start":{"line":105,"column":0},"end":{"line":105,"column":7}},"2":{"start":{"line":1,"column":0},"end":{"line":1,"column":52}},"3":{"start":{"line":2,"column":0},"end":{"line":2,"column":68}},"4":{"start":{"line":3,"column":0},"end":{"line":3,"column":81}},"5":{"start":{"line":4,"column":0},"end":{"line":4,"column":24}},"6":{"start":{"line":17,"column":2},"end":{"line":19,"column":3}},"7":{"start":{"line":18,"column":4},"end":{"line":18,"column":24}},"8":{"start":{"line":22,"column":22},"end":{"line":22,"column":57}},"9":{"start":{"line":24,"column":2},"end":{"line":27,"column":3}},"10":{"start":{"line":26,"column":4},"end":{"line":26,"column":112}},"11":{"start":{"line":30,"column":2},"end":{"line":30,"column":136}},"12":{"start":{"line":35,"column":2},"end":{"line":39,"column":3}},"13":{"start":{"line":36,"column":4},"end":{"line":38,"column":7}},"14":{"start":{"line":42,"column":17},"end":{"line":45,"column":4}},"15":{"start":{"line":48,"column":2},"end":{"line":99,"column":4}},"16":{"start":{"line":55,"column":6},"end":{"line":97,"column":7}},"17":{"start":{"line":57,"column":37},"end":{"line":57,"column":70}},"18":{"start":{"line":62,"column":8},"end":{"line":73,"column":9}},"19":{"start":{"line":64,"column":12},"end":{"line":64,"column":74}},"20":{"start":{"line":65,"column":12},"end":{"line":65,"column":18}},"21":{"start":{"line":67,"column":12},"end":{"line":67,"column":74}},"22":{"start":{"line":68,"column":12},"end":{"line":68,"column":18}},"23":{"start":{"line":71,"column":12},"end":{"line":71,"column":74}},"24":{"start":{"line":72,"column":12},"end":{"line":72,"column":18}},"25":{"start":{"line":75,"column":8},"end":{"line":85,"column":10}},"26":{"start":{"line":87,"column":8},"end":{"line":87,"column":58}},"27":{"start":{"line":88,"column":8},"end":{"line":96,"column":10}},"28":{"start":{"line":101,"column":2},"end":{"line":101,"column":16}},"29":{"start":{"line":106,"column":2},"end":{"line":106,"column":57}},"30":{"start":{"line":109,"column":20},"end":{"line":109,"column":46}},"31":{"start":{"line":112,"column":2},"end":{"line":112,"column":34}},"32":{"start":{"line":114,"column":2},"end":{"line":114,"column":78}}},"fnMap":{"0":{"name":"addFooterAnnotation","decl":{"start":{"line":15,"column":9},"end":{"line":15,"column":28}},"loc":{"start":{"line":15,"column":49},"end":{"line":31,"column":1}}},"1":{"name":"createServer","decl":{"start":{"line":33,"column":16},"end":{"line":33,"column":28}},"loc":{"start":{"line":33,"column":54},"end":{"line":102,"column":1}}},"2":{"name":"(anonymous_2)","decl":{"start":{"line":54,"column":4},"end":{"line":54,"column":9}},"loc":{"start":{"line":54,"column":47},"end":{"line":98,"column":5}}},"3":{"name":"startServer","decl":{"start":{"line":105,"column":22},"end":{"line":105,"column":33}},"loc":{"start":{"line":105,"column":51},"end":{"line":115,"column":1}}}},"branchMap":{"0":{"loc":{"start":{"line":17,"column":2},"end":{"line":19,"column":3}},"type":"if","locations":[{"start":{"line":17,"column":2},"end":{"line":19,"column":3}}]},"1":{"loc":{"start":{"line":24,"column":2},"end":{"line":27,"column":3}},"type":"if","locations":[{"start":{"line":24,"column":2},"end":{"line":27,"column":3}}]},"2":{"loc":{"start":{"line":33,"column":29},"end":{"line":33,"column":54}},"type":"default-arg","locations":[{"start":{"line":33,"column":52},"end":{"line":33,"column":54}}]},"3":{"loc":{"start":{"line":35,"column":2},"end":{"line":39,"column":3}},"type":"if","locations":[{"start":{"line":35,"column":2},"end":{"line":39,"column":3}}]},"4":{"loc":{"start":{"line":54,"column":27},"end":{"line":54,"column":41}},"type":"default-arg","locations":[{"start":{"line":54,"column":36},"end":{"line":54,"column":41}}]},"5":{"loc":{"start":{"line":62,"column":8},"end":{"line":73,"column":9}},"type":"switch","locations":[{"start":{"line":63,"column":10},"end":{"line":65,"column":18}},{"start":{"line":66,"column":10},"end":{"line":68,"column":18}},{"start":{"line":69,"column":10},"end":{"line":69,"column":21}},{"start":{"line":70,"column":10},"end":{"line":72,"column":18}}]},"6":{"loc":{"start":{"line":92,"column":51},"end":{"line":92,"column":105}},"type":"cond-expr","locations":[{"start":{"line":92,"column":76},"end":{"line":92,"column":89}},{"start":{"line":92,"column":92},"end":{"line":92,"column":105}}]}},"s":{"0":1,"1":1,"2":1,"3":1,"4":1,"5":1,"6":7,"7":1,"8":6,"9":6,"10":1,"11":5,"12":10,"13":1,"14":10,"15":10,"16":7,"17":7,"18":7,"19":1,"20":1,"21":1,"22":1,"23":5,"24":4,"25":6,"26":1,"27":1,"28":10,"29":1,"30":1,"31":1,"32":1},"f":{"0":7,"1":10,"2":7,"3":1},"b":{"0":[1],"1":[1],"2":[9],"3":[1],"4":[5],"5":[1,1,5,5],"6":[1,0]}}
}
