{"/home/nitr0gen/augment-code-mcp/plantuml-mcp/src/server.ts": {"path":"/home/nitr0gen/augment-code-mcp/plantuml-mcp/src/server.ts","statementMap":{"0":{"start":{"line":36,"column":0},"end":{"line":36,"column":16}},"1":{"start":{"line":108,"column":0},"end":{"line":108,"column":7}},"2":{"start":{"line":1,"column":0},"end":{"line":1,"column":52}},"3":{"start":{"line":2,"column":0},"end":{"line":2,"column":68}},"4":{"start":{"line":3,"column":0},"end":{"line":3,"column":81}},"5":{"start":{"line":4,"column":0},"end":{"line":4,"column":24}},"6":{"start":{"line":17,"column":2},"end":{"line":19,"column":3}},"7":{"start":{"line":18,"column":4},"end":{"line":18,"column":24}},"8":{"start":{"line":22,"column":21},"end":{"line":22,"column":160}},"9":{"start":{"line":25,"column":22},"end":{"line":25,"column":57}},"10":{"start":{"line":27,"column":2},"end":{"line":30,"column":3}},"11":{"start":{"line":29,"column":4},"end":{"line":29,"column":80}},"12":{"start":{"line":33,"column":2},"end":{"line":33,"column":104}},"13":{"start":{"line":38,"column":2},"end":{"line":42,"column":3}},"14":{"start":{"line":39,"column":4},"end":{"line":41,"column":7}},"15":{"start":{"line":45,"column":17},"end":{"line":48,"column":4}},"16":{"start":{"line":51,"column":2},"end":{"line":102,"column":4}},"17":{"start":{"line":58,"column":6},"end":{"line":100,"column":7}},"18":{"start":{"line":60,"column":37},"end":{"line":60,"column":70}},"19":{"start":{"line":65,"column":8},"end":{"line":76,"column":9}},"20":{"start":{"line":67,"column":12},"end":{"line":67,"column":74}},"21":{"start":{"line":68,"column":12},"end":{"line":68,"column":18}},"22":{"start":{"line":70,"column":12},"end":{"line":70,"column":74}},"23":{"start":{"line":71,"column":12},"end":{"line":71,"column":18}},"24":{"start":{"line":74,"column":12},"end":{"line":74,"column":74}},"25":{"start":{"line":75,"column":12},"end":{"line":75,"column":18}},"26":{"start":{"line":78,"column":8},"end":{"line":88,"column":10}},"27":{"start":{"line":90,"column":8},"end":{"line":90,"column":58}},"28":{"start":{"line":91,"column":8},"end":{"line":99,"column":10}},"29":{"start":{"line":104,"column":2},"end":{"line":104,"column":16}},"30":{"start":{"line":109,"column":2},"end":{"line":109,"column":57}},"31":{"start":{"line":112,"column":20},"end":{"line":112,"column":46}},"32":{"start":{"line":115,"column":2},"end":{"line":115,"column":34}},"33":{"start":{"line":117,"column":2},"end":{"line":117,"column":78}}},"fnMap":{"0":{"name":"addFooterAnnotation","decl":{"start":{"line":15,"column":9},"end":{"line":15,"column":28}},"loc":{"start":{"line":15,"column":49},"end":{"line":34,"column":1}}},"1":{"name":"createServer","decl":{"start":{"line":36,"column":16},"end":{"line":36,"column":28}},"loc":{"start":{"line":36,"column":54},"end":{"line":105,"column":1}}},"2":{"name":"(anonymous_2)","decl":{"start":{"line":57,"column":4},"end":{"line":57,"column":9}},"loc":{"start":{"line":57,"column":47},"end":{"line":101,"column":5}}},"3":{"name":"startServer","decl":{"start":{"line":108,"column":22},"end":{"line":108,"column":33}},"loc":{"start":{"line":108,"column":51},"end":{"line":118,"column":1}}}},"branchMap":{"0":{"loc":{"start":{"line":17,"column":2},"end":{"line":19,"column":3}},"type":"if","locations":[{"start":{"line":17,"column":2},"end":{"line":19,"column":3}}]},"1":{"loc":{"start":{"line":27,"column":2},"end":{"line":30,"column":3}},"type":"if","locations":[{"start":{"line":27,"column":2},"end":{"line":30,"column":3}}]},"2":{"loc":{"start":{"line":36,"column":29},"end":{"line":36,"column":54}},"type":"default-arg","locations":[{"start":{"line":36,"column":52},"end":{"line":36,"column":54}}]},"3":{"loc":{"start":{"line":38,"column":2},"end":{"line":42,"column":3}},"type":"if","locations":[{"start":{"line":38,"column":2},"end":{"line":42,"column":3}}]},"4":{"loc":{"start":{"line":57,"column":27},"end":{"line":57,"column":41}},"type":"default-arg","locations":[{"start":{"line":57,"column":36},"end":{"line":57,"column":41}}]},"5":{"loc":{"start":{"line":65,"column":8},"end":{"line":76,"column":9}},"type":"switch","locations":[{"start":{"line":66,"column":10},"end":{"line":68,"column":18}},{"start":{"line":69,"column":10},"end":{"line":71,"column":18}},{"start":{"line":72,"column":10},"end":{"line":72,"column":21}},{"start":{"line":73,"column":10},"end":{"line":75,"column":18}}]},"6":{"loc":{"start":{"line":95,"column":51},"end":{"line":95,"column":105}},"type":"cond-expr","locations":[{"start":{"line":95,"column":76},"end":{"line":95,"column":89}},{"start":{"line":95,"column":92},"end":{"line":95,"column":105}}]}},"s":{"0":1,"1":1,"2":1,"3":1,"4":1,"5":1,"6":7,"7":1,"8":6,"9":6,"10":6,"11":1,"12":5,"13":10,"14":1,"15":10,"16":10,"17":7,"18":7,"19":7,"20":1,"21":1,"22":1,"23":1,"24":5,"25":4,"26":6,"27":1,"28":1,"29":10,"30":1,"31":1,"32":1,"33":1},"f":{"0":7,"1":10,"2":7,"3":1},"b":{"0":[1],"1":[1],"2":[9],"3":[1],"4":[5],"5":[1,1,5,5],"6":[1,0]}}
}
