TN:
SF:src/server.ts
FN:15,addFooterAnnotation
FN:33,createServer
FN:54,(anonymous_2)
FN:105,startServer
FNF:4
FNH:4
FNDA:7,addFooterAnnotation
FNDA:10,createServer
FNDA:7,(anonymous_2)
FNDA:1,startServer
DA:1,1
DA:2,1
DA:3,1
DA:4,1
DA:17,7
DA:18,1
DA:22,6
DA:24,6
DA:26,1
DA:30,5
DA:33,1
DA:35,10
DA:36,1
DA:42,10
DA:48,10
DA:55,7
DA:57,7
DA:62,7
DA:64,1
DA:65,1
DA:67,1
DA:68,1
DA:71,5
DA:72,4
DA:75,6
DA:87,1
DA:88,1
DA:101,10
DA:105,1
DA:106,1
DA:109,1
DA:112,1
DA:114,1
LF:33
LH:33
BRDA:17,0,0,1
BRDA:24,1,0,1
BRDA:33,2,0,9
BRDA:35,3,0,1
BRDA:54,4,0,5
BRDA:62,5,0,1
BRDA:62,5,1,1
BRDA:62,5,2,5
BRDA:62,5,3,5
BRDA:92,6,0,1
BRDA:92,6,1,0
BRF:11
BRH:10
end_of_record
