TN:
SF:src/server.ts
FN:15,addFooterAnnotation
FN:36,createServer
FN:57,(anonymous_2)
FN:108,startServer
FNF:4
FNH:4
FNDA:7,addFooterAnnotation
FNDA:10,createServer
FNDA:7,(anonymous_2)
FNDA:1,startServer
DA:1,1
DA:2,1
DA:3,1
DA:4,1
DA:17,7
DA:18,1
DA:22,6
DA:25,6
DA:27,6
DA:29,1
DA:33,5
DA:36,1
DA:38,10
DA:39,1
DA:45,10
DA:51,10
DA:58,7
DA:60,7
DA:65,7
DA:67,1
DA:68,1
DA:70,1
DA:71,1
DA:74,5
DA:75,4
DA:78,6
DA:90,1
DA:91,1
DA:104,10
DA:108,1
DA:109,1
DA:112,1
DA:115,1
DA:117,1
LF:34
LH:34
BRDA:17,0,0,1
BRDA:27,1,0,1
BRDA:36,2,0,9
BRDA:38,3,0,1
BRDA:57,4,0,5
BRDA:65,5,0,1
BRDA:65,5,1,1
BRDA:65,5,2,5
BRDA:65,5,3,5
BRDA:95,6,0,1
BRDA:95,6,1,0
BRF:11
BRH:10
end_of_record
